<?xml version="1.0" encoding="UTF-8"?>
<testsuites name="POSTS Posts" time="11.366" tests="2" failures="0" errors="0">
   <testsuite name="POSTS Posts" tests="2" failures="0" errors="0" time="11.366" skipped="0" timestamp="12-02-2024T15:05:28" hostname="USER - DESKTOP-57TUAMP.mshome.net" id="Test Suites/POSTS Posts">
      <properties>
         <property name="deviceName" value=""/>
         <property name="devicePlatform" value=""/>
         <property name="logFolder" value="D:\\BRI\\BOOTCAMP\\345937-katalon-taskapi-HanaMariaSiahaan\\Reports\\20240212_150522\\POSTS Posts\\20240212_150522"/>
         <property name="logFiles" value="D:\\BRI\\BOOTCAMP\\345937-katalon-taskapi-HanaMariaSiahaan\\Reports\\20240212_150522\\POSTS Posts\\20240212_150522\\execution0.log"/>
         <property name="attachments" value=""/>
         <property name="hostName" value="USER - DESKTOP-57TUAMP.mshome.net"/>
         <property name="hostAddress" value="172.29.144.1"/>
         <property name="os" value="Windows 10 64bit"/>
         <property name="katalonVersion" value="9.3.0.212"/>
      </properties>
      <testcase name="Test Cases/POST posts" time="7.569" classname="Test Cases/POST posts" status="PASSED">
         <system-out><![CDATA[12-02-2024T15:05:28 - [TEST_CASE][PASSED] - Test Cases/POST posts: Test Cases/POST posts

12-02-2024T15:05:29 - [TEST_STEP][PASSED] - response = sendRequestAndVerify(findTestObject("POST posts")): Send request and verify the response successfully

12-02-2024T15:05:33 - [MESSAGE][INFO] - HAR: D:\BRI\BOOTCAMP\345937-katalon-taskapi-HanaMariaSiahaan\Reports\20240212_150522\POSTS Posts\20240212_150522\requests\main\0.har

12-02-2024T15:05:33 - [TEST_CASE][PASSED] - Start Test Case : Verification: Verification accomplished successfully

12-02-2024T15:05:33 - [TEST_STEP][PASSED] - request = getInstance().getCurrentRequest(): null

12-02-2024T15:05:33 - [TEST_STEP][PASSED] - response = getInstance().getCurrentResponse(): null

12-02-2024T15:05:33 - [MESSAGE][PASSED] - Verify response successfully

12-02-2024T15:05:33 - [MESSAGE][PASSED] - All validation steps have been passed

12-02-2024T15:05:33 - [MESSAGE][PASSED] - Send request and verify the response successfully

12-02-2024T15:05:33 - [TEST_STEP][PASSED] - verifyElementPropertyValue(response, "title", "foo"): Verify element property value successfully

12-02-2024T15:05:34 - [MESSAGE][PASSED] - Verify element property value successfully

12-02-2024T15:05:36 - [TEST_STEP][PASSED] - Video: Video recording for test case 'Test Cases/POST posts' .

12-02-2024T15:05:36 - [MESSAGE][INFO] - Video recording for test case 'Test Cases/POST posts' .]]></system-out>
         <system-err><![CDATA[]]></system-err>
      </testcase>
      <testcase name="Test Cases/POST Posts2" time="3.549" classname="Test Cases/POST Posts2" status="PASSED">
         <system-out><![CDATA[12-02-2024T15:05:36 - [TEST_CASE][PASSED] - Test Cases/POST Posts2: Test Cases/POST Posts2

12-02-2024T15:05:36 - [TEST_STEP][PASSED] - sendRequestAndVerify(findTestObject("POST Posts2", ["title":"hana", "body":"maria
", "userId":3])): Send request and verify the response successfully

12-02-2024T15:05:37 - [MESSAGE][INFO] - HAR: D:\BRI\BOOTCAMP\345937-katalon-taskapi-HanaMariaSiahaan\Reports\20240212_150522\POSTS Posts\20240212_150522\requests\main\1.har

12-02-2024T15:05:37 - [TEST_CASE][PASSED] - Start Test Case : Verification: Verification accomplished successfully

12-02-2024T15:05:37 - [TEST_STEP][PASSED] - request = getInstance().getCurrentRequest(): null

12-02-2024T15:05:37 - [TEST_STEP][PASSED] - response = getInstance().getCurrentResponse(): null

12-02-2024T15:05:37 - [MESSAGE][PASSED] - Verify response successfully

12-02-2024T15:05:37 - [MESSAGE][PASSED] - All validation steps have been passed

12-02-2024T15:05:37 - [MESSAGE][PASSED] - Send request and verify the response successfully

12-02-2024T15:05:39 - [TEST_STEP][PASSED] - Video: Video recording for test case 'Test Cases/POST Posts2' .

12-02-2024T15:05:39 - [MESSAGE][INFO] - Video recording for test case 'Test Cases/POST Posts2' .]]></system-out>
         <system-err><![CDATA[]]></system-err>
      </testcase>
      <system-out><![CDATA[12-02-2024T15:05:28 - [TEST_SUITE][PASSED] - POSTS Posts: Test Cases/POST Posts2]]></system-out>
      <system-err><![CDATA[]]></system-err>
   </testsuite>
</testsuites>
