<?xml version="1.0" encoding="UTF-8"?>
<testsuites name="PUT Posts" time="6.15" tests="1" failures="0" errors="0">
   <testsuite name="PUT Posts" tests="1" failures="0" errors="0" time="6.15" skipped="0" timestamp="12-02-2024T14:59:35" hostname="USER - DESKTOP-57TUAMP.mshome.net" id="Test Suites/PUT Posts">
      <properties>
         <property name="deviceName" value=""/>
         <property name="devicePlatform" value=""/>
         <property name="logFolder" value="D:\\BRI\\BOOTCAMP\\345937-katalon-taskapi-HanaMariaSiahaan\\Reports\\20240212_145929\\PUT Posts\\20240212_145930"/>
         <property name="logFiles" value="D:\\BRI\\BOOTCAMP\\345937-katalon-taskapi-HanaMariaSiahaan\\Reports\\20240212_145929\\PUT Posts\\20240212_145930\\execution0.log"/>
         <property name="attachments" value=""/>
         <property name="hostName" value="USER - DESKTOP-57TUAMP.mshome.net"/>
         <property name="hostAddress" value="172.29.144.1"/>
         <property name="os" value="Windows 10 64bit"/>
         <property name="katalonVersion" value="9.3.0.212"/>
      </properties>
      <testcase name="Test Cases/PUT Posts Id1" time="5.898" classname="Test Cases/PUT Posts Id1" status="PASSED">
         <system-out><![CDATA[12-02-2024T14:59:35 - [TEST_CASE][PASSED] - Test Cases/PUT Posts Id1: Test Cases/PUT Posts Id1

12-02-2024T14:59:36 - [TEST_STEP][PASSED] - sendRequestAndVerify(findTestObject("GET Posts Id1")): Send request and verify the response successfully

12-02-2024T14:59:39 - [MESSAGE][INFO] - HAR: D:\BRI\BOOTCAMP\345937-katalon-taskapi-HanaMariaSiahaan\Reports\20240212_145929\PUT Posts\20240212_145930\requests\main\0.har

12-02-2024T14:59:39 - [TEST_CASE][PASSED] - Start Test Case : Verification: Verification accomplished successfully

12-02-2024T14:59:39 - [TEST_STEP][PASSED] - request = getInstance().getCurrentRequest(): null

12-02-2024T14:59:39 - [TEST_STEP][PASSED] - response = getInstance().getCurrentResponse(): null

12-02-2024T14:59:39 - [MESSAGE][PASSED] - Verify response successfully

12-02-2024T14:59:39 - [MESSAGE][PASSED] - All validation steps have been passed

12-02-2024T14:59:39 - [MESSAGE][PASSED] - Send request and verify the response successfully

12-02-2024T14:59:41 - [TEST_STEP][PASSED] - Video: Video recording for test case 'Test Cases/PUT Posts Id1' .

12-02-2024T14:59:41 - [MESSAGE][INFO] - Video recording for test case 'Test Cases/PUT Posts Id1' .]]></system-out>
         <system-err><![CDATA[]]></system-err>
      </testcase>
      <system-out><![CDATA[12-02-2024T14:59:35 - [TEST_SUITE][PASSED] - PUT Posts: Test Cases/PUT Posts Id1]]></system-out>
      <system-err><![CDATA[]]></system-err>
   </testsuite>
</testsuites>
