<?xml version="1.0" encoding="UTF-8"?>
<testsuites name="GET Posts" time="4.961" tests="4" failures="0" errors="0">
   <testsuite name="GET Posts" tests="4" failures="0" errors="0" time="4.961" skipped="0" timestamp="12-02-2024T14:29:41" hostname="USER - DESKTOP-57TUAMP.mshome.net" id="Test Suites/GET Posts/GET Posts">
      <properties>
         <property name="deviceName" value=""/>
         <property name="devicePlatform" value=""/>
         <property name="logFolder" value="D:\\BRI\\BOOTCAMP\\345937-katalon-taskapi-HanaMariaSiahaan\\Reports\\20240212_142935\\GET Posts\\GET Posts\\20240212_142936"/>
         <property name="logFiles" value="D:\\BRI\\BOOTCAMP\\345937-katalon-taskapi-HanaMariaSiahaan\\Reports\\20240212_142935\\GET Posts\\GET Posts\\20240212_142936\\execution0.log"/>
         <property name="attachments" value=""/>
         <property name="hostName" value="USER - DESKTOP-57TUAMP.mshome.net"/>
         <property name="hostAddress" value="172.29.144.1"/>
         <property name="os" value="Windows 10 64bit"/>
         <property name="katalonVersion" value="9.3.0.212"/>
      </properties>
      <testcase name="Test Cases/GET Posts Comments" time="3.341" classname="Test Cases/GET Posts Comments" status="PASSED">
         <system-out><![CDATA[12-02-2024T14:29:41 - [TEST_CASE][PASSED] - Test Cases/GET Posts Comments: Test Cases/GET Posts Comments

12-02-2024T14:29:41 - [TEST_STEP][PASSED] - sendRequestAndVerify(findTestObject("GET Posts Comments")): Send request and verify the response successfully

12-02-2024T14:29:44 - [MESSAGE][INFO] - HAR: D:\BRI\BOOTCAMP\345937-katalon-taskapi-HanaMariaSiahaan\Reports\20240212_142935\GET Posts\GET Posts\20240212_142936\requests\main\0.har

12-02-2024T14:29:44 - [TEST_CASE][PASSED] - Start Test Case : Verification: Verification accomplished successfully

12-02-2024T14:29:44 - [TEST_STEP][PASSED] - request = getInstance().getCurrentRequest(): null

12-02-2024T14:29:44 - [TEST_STEP][PASSED] - response = getInstance().getCurrentResponse(): null

12-02-2024T14:29:44 - [MESSAGE][PASSED] - Verify response successfully

12-02-2024T14:29:44 - [MESSAGE][PASSED] - All validation steps have been passed

12-02-2024T14:29:44 - [MESSAGE][PASSED] - Send request and verify the response successfully]]></system-out>
         <system-err><![CDATA[]]></system-err>
      </testcase>
      <testcase name="Test Cases/GET Posts Id" time="0.491" classname="Test Cases/GET Posts Id" status="PASSED">
         <system-out><![CDATA[12-02-2024T14:29:44 - [TEST_CASE][PASSED] - Test Cases/GET Posts Id: Test Cases/GET Posts Id

12-02-2024T14:29:44 - [TEST_STEP][PASSED] - sendRequestAndVerify(findTestObject("GET Posts Id")): Send request and verify the response successfully

12-02-2024T14:29:45 - [MESSAGE][INFO] - HAR: D:\BRI\BOOTCAMP\345937-katalon-taskapi-HanaMariaSiahaan\Reports\20240212_142935\GET Posts\GET Posts\20240212_142936\requests\main\1.har

12-02-2024T14:29:45 - [TEST_CASE][PASSED] - Start Test Case : Verification: Verification accomplished successfully

12-02-2024T14:29:45 - [TEST_STEP][PASSED] - request = getInstance().getCurrentRequest(): null

12-02-2024T14:29:45 - [TEST_STEP][PASSED] - response = getInstance().getCurrentResponse(): null

12-02-2024T14:29:45 - [MESSAGE][PASSED] - Verify response successfully

12-02-2024T14:29:45 - [MESSAGE][PASSED] - All validation steps have been passed

12-02-2024T14:29:45 - [MESSAGE][PASSED] - Send request and verify the response successfully]]></system-out>
         <system-err><![CDATA[]]></system-err>
      </testcase>
      <testcase name="Test Cases/GET Posts Id1" time="0.547" classname="Test Cases/GET Posts Id1" status="PASSED">
         <system-out><![CDATA[12-02-2024T14:29:45 - [TEST_CASE][PASSED] - Test Cases/GET Posts Id1: Test Cases/GET Posts Id1

12-02-2024T14:29:45 - [TEST_STEP][PASSED] - sendRequestAndVerify(findTestObject("GET Posts Id1")): Send request and verify the response successfully

12-02-2024T14:29:45 - [MESSAGE][INFO] - HAR: D:\BRI\BOOTCAMP\345937-katalon-taskapi-HanaMariaSiahaan\Reports\20240212_142935\GET Posts\GET Posts\20240212_142936\requests\main\2.har

12-02-2024T14:29:45 - [TEST_CASE][PASSED] - Start Test Case : Verification: Verification accomplished successfully

12-02-2024T14:29:45 - [TEST_STEP][PASSED] - request = getInstance().getCurrentRequest(): null

12-02-2024T14:29:45 - [TEST_STEP][PASSED] - response = getInstance().getCurrentResponse(): null

12-02-2024T14:29:45 - [MESSAGE][PASSED] - Verify response successfully

12-02-2024T14:29:45 - [MESSAGE][PASSED] - All validation steps have been passed

12-02-2024T14:29:45 - [MESSAGE][PASSED] - Send request and verify the response successfully]]></system-out>
         <system-err><![CDATA[]]></system-err>
      </testcase>
      <testcase name="Test Cases/GET Posts" time="0.343" classname="Test Cases/GET Posts" status="PASSED">
         <system-out><![CDATA[12-02-2024T14:29:45 - [TEST_CASE][PASSED] - Test Cases/GET Posts: Test Cases/GET Posts

12-02-2024T14:29:45 - [TEST_STEP][PASSED] - sendRequestAndVerify(findTestObject("GET Posts")): Send request and verify the response successfully

12-02-2024T14:29:45 - [MESSAGE][INFO] - HAR: D:\BRI\BOOTCAMP\345937-katalon-taskapi-HanaMariaSiahaan\Reports\20240212_142935\GET Posts\GET Posts\20240212_142936\requests\main\3.har

12-02-2024T14:29:46 - [TEST_CASE][PASSED] - Start Test Case : Verification: Verification accomplished successfully

12-02-2024T14:29:46 - [TEST_STEP][PASSED] - request = getInstance().getCurrentRequest(): null

12-02-2024T14:29:46 - [TEST_STEP][PASSED] - response = getInstance().getCurrentResponse(): null

12-02-2024T14:29:46 - [MESSAGE][PASSED] - Verify response successfully

12-02-2024T14:29:46 - [MESSAGE][PASSED] - All validation steps have been passed

12-02-2024T14:29:46 - [MESSAGE][PASSED] - Send request and verify the response successfully]]></system-out>
         <system-err><![CDATA[]]></system-err>
      </testcase>
      <system-out><![CDATA[12-02-2024T14:29:41 - [TEST_SUITE][PASSED] - GET Posts: Test Cases/GET Posts]]></system-out>
      <system-err><![CDATA[]]></system-err>
   </testsuite>
</testsuites>
