<?xml version="1.0" encoding="UTF-8"?>
<testsuites name="DELETE Posts" time="6.306" tests="1" failures="0" errors="0">
   <testsuite name="DELETE Posts" tests="1" failures="0" errors="0" time="6.306" skipped="0" timestamp="12-02-2024T15:00:17" hostname="USER - DESKTOP-57TUAMP.mshome.net" id="Test Suites/DELETE Posts">
      <properties>
         <property name="deviceName" value=""/>
         <property name="devicePlatform" value=""/>
         <property name="logFolder" value="D:\\BRI\\BOOTCAMP\\345937-katalon-taskapi-HanaMariaSiahaan\\Reports\\20240212_150012\\DELETE Posts\\20240212_150012"/>
         <property name="logFiles" value="D:\\BRI\\BOOTCAMP\\345937-katalon-taskapi-HanaMariaSiahaan\\Reports\\20240212_150012\\DELETE Posts\\20240212_150012\\execution0.log"/>
         <property name="attachments" value=""/>
         <property name="hostName" value="USER - DESKTOP-57TUAMP.mshome.net"/>
         <property name="hostAddress" value="172.29.144.1"/>
         <property name="os" value="Windows 10 64bit"/>
         <property name="katalonVersion" value="9.3.0.212"/>
      </properties>
      <testcase name="Test Cases/DELETE Posts" time="6.084" classname="Test Cases/DELETE Posts" status="PASSED">
         <system-out><![CDATA[12-02-2024T15:00:17 - [TEST_CASE][PASSED] - Test Cases/DELETE Posts: Test Cases/DELETE Posts

12-02-2024T15:00:18 - [TEST_STEP][PASSED] - sendRequestAndVerify(findTestObject("DELETE Posts")): Send request and verify the response successfully

12-02-2024T15:00:21 - [MESSAGE][INFO] - HAR: D:\BRI\BOOTCAMP\345937-katalon-taskapi-HanaMariaSiahaan\Reports\20240212_150012\DELETE Posts\20240212_150012\requests\main\0.har

12-02-2024T15:00:21 - [TEST_CASE][PASSED] - Start Test Case : Verification: Verification accomplished successfully

12-02-2024T15:00:21 - [TEST_STEP][PASSED] - request = getInstance().getCurrentRequest(): null

12-02-2024T15:00:21 - [TEST_STEP][PASSED] - response = getInstance().getCurrentResponse(): null

12-02-2024T15:00:21 - [MESSAGE][PASSED] - Verify response successfully

12-02-2024T15:00:21 - [MESSAGE][PASSED] - All validation steps have been passed

12-02-2024T15:00:21 - [MESSAGE][PASSED] - Send request and verify the response successfully

12-02-2024T15:00:24 - [TEST_STEP][PASSED] - Video: Video recording for test case 'Test Cases/DELETE Posts' .

12-02-2024T15:00:24 - [MESSAGE][INFO] - Video recording for test case 'Test Cases/DELETE Posts' .]]></system-out>
         <system-err><![CDATA[]]></system-err>
      </testcase>
      <system-out><![CDATA[12-02-2024T15:00:17 - [TEST_SUITE][PASSED] - DELETE Posts: Test Cases/DELETE Posts]]></system-out>
      <system-err><![CDATA[]]></system-err>
   </testsuite>
</testsuites>
